<?xml version="1.0" encoding="UTF-8"?>
<!-- Generated by org.testng.reporters.JUnitReportReporter -->
<testsuite hostname="ASDP1534PO01976" name="com.qainfotech.com.MobileTesting.AppTest" tests="1" failures="0" timestamp="25 Sep 2018 07:26:13 GMT" time="0.002" errors="0">
  <testcase name="testApp" time="0.002" classname="com.qainfotech.com.MobileTesting.AppTest"/>
</testsuite> <!-- com.qainfotech.com.MobileTesting.AppTest -->
