<?xml version="1.0" encoding="UTF-8"?>
<!-- Generated by org.testng.reporters.JUnitReportReporter -->
<testsuite hostname="ASDP1534PO01976" name="com.qainfotech.com.MobileTesting.FirstAppiumAndroidTest" tests="1" failures="1" timestamp="25 Sep 2018 06:51:53 GMT" time="1.057" errors="0">
  <testcase name="testCal" time="1.057" classname="com.qainfotech.com.MobileTesting.FirstAppiumAndroidTest">
    <failure type="java.lang.ClassCastException" message="org.openqa.selenium.remote.RemoteWebDriver cannot be cast to org.openqa.selenium.interactions.HasTouchScreen">
      <![CDATA[java.lang.ClassCastException: org.openqa.selenium.remote.RemoteWebDriver cannot be cast to org.openqa.selenium.interactions.HasTouchScreen
	at org.openqa.selenium.interactions.touch.TouchActions.<init>(TouchActions.java:37)
	at com.qainfotech.com.MobileTesting.FirstAppiumAndroidTest.testCal(FirstAppiumAndroidTest.java:51)
	at sun.reflect.NativeMethodAccessorImpl.invoke0(Native Method)
	at sun.reflect.NativeMethodAccessorImpl.invoke(NativeMethodAccessorImpl.java:62)
	at sun.reflect.DelegatingMethodAccessorImpl.invoke(DelegatingMethodAccessorImpl.java:43)
	at java.lang.reflect.Method.invoke(Method.java:498)
	at org.testng.internal.MethodInvocationHelper.invokeMethod(MethodInvocationHelper.java:80)
	at org.testng.internal.Invoker.invokeMethod(Invoker.java:714)
	at org.testng.internal.Invoker.invokeTestMethod(Invoker.java:901)
	at org.testng.internal.Invoker.invokeTestMethods(Invoker.java:1231)
	at org.testng.internal.TestMethodWorker.invokeTestMethods(TestMethodWorker.java:127)
	at org.testng.internal.TestMethodWorker.run(TestMethodWorker.java:111)
	at org.testng.TestRunner.privateRun(TestRunner.java:767)
	at org.testng.TestRunner.run(TestRunner.java:617)
	at org.testng.SuiteRunner.runTest(SuiteRunner.java:334)
	at org.testng.SuiteRunner.runSequentially(SuiteRunner.java:329)
	at org.testng.SuiteRunner.privateRun(SuiteRunner.java:291)
	at org.testng.SuiteRunner.run(SuiteRunner.java:240)
	at org.testng.SuiteRunnerWorker.runSuite(SuiteRunnerWorker.java:52)
	at org.testng.SuiteRunnerWorker.run(SuiteRunnerWorker.java:86)
	at org.testng.TestNG.runSuitesSequentially(TestNG.java:1198)
	at org.testng.TestNG.runSuitesLocally(TestNG.java:1123)
	at org.testng.TestNG.run(TestNG.java:1031)
	at org.testng.remote.AbstractRemoteTestNG.run(AbstractRemoteTestNG.java:114)
	at org.testng.remote.RemoteTestNG.initAndRun(RemoteTestNG.java:251)
	at org.testng.remote.RemoteTestNG.main(RemoteTestNG.java:77)
]]>
    </failure>
  </testcase> <!-- testCal -->
</testsuite> <!-- com.qainfotech.com.MobileTesting.FirstAppiumAndroidTest -->
